make all --print-data-base --no-builtin-variables --no-builtin-rules --question
# GNU Make 4.3
# Built for x86_64-redhat-linux-gnu
# Copyright (C) 1988-2020 Free Software Foundation, Inc.
# License GPLv3+: GNU GPL version 3 or later <http://gnu.org/licenses/gpl.html>
# This is free software: you are free to change and redistribute it.
# There is NO WARRANTY, to the extent permitted by law.

# Make data base, printed on Mon Jul 18 16:58:16 2022

# Variables

# environment
GDK_BACKEND = x11
# environment
LC_ALL = C
# environment
NO_AT_BRIDGE = 1
# environment
GJS_DEBUG_OUTPUT = stderr
# environment
VSCODE_IPC_HOOK_EXTHOST = /run/user/1000/vscode-ipc-6a43764d-f39e-4e5e-88fb-414532406148.sock
# environment
VSCODE_CWD = /home/victor
# environment
LESS_TERMCAP_me = 
# environment
GDM_LANG = es_ES.UTF-8
# default
MAKE_COMMAND := make
# environment
HISTFILE = /home/victor/.config/shell/histfile
# automatic
@D = $(patsubst %/,%,$(dir $@))
# environment
VSCODE_HANDLES_UNCAUGHT_ERRORS = true
# default
.VARIABLES := 
# environment
PWD = /home/victor/Dev/rgbctl
# automatic
%D = $(patsubst %/,%,$(dir $%))
# environment
HOSTNAME = fedora-hp
# environment
MAIL = /var/spool/mail/victor
# environment
STEAM_FRAME_FORCE_CLOSE = 1
# environment
XDG_DATA_DIRS = /home/victor/.local/share/flatpak/exports/share:/var/lib/flatpak/exports/share:/usr/local/share/:/usr/share/:/var/lib/snapd/desktop:/var/lib/flatpak/exports/share/:/home/victor/.local/share/flatpak/exports/share/
# environment
OLDPWD = /home/victor
# automatic
^D = $(patsubst %/,%,$(dir $^))
# environment
VSCODE_LOG_STACK = false
# automatic
%F = $(notdir $%)
# environment
VSCODE_CODE_CACHE_PATH = /home/victor/.config/Code/CachedData/30d9c6cd9483b2cc586687151bcbcd635f373630
# environment
LANG = C
# environment
XAUTHORITY = /run/user/1000/.mutter-Xwaylandauth.JU6MP1
# default
.LOADED := 
# environment
LESS_TERMCAP_md = 
# default
.INCLUDE_DIRS = /usr/include /usr/local/include /usr/include
# makefile
MAKEFLAGS = pqrR
# environment
LESS_TERMCAP_so = 
# makefile
CURDIR := /home/victor/Dev/rgbctl
# environment
VSCODE_PIPE_LOGGING = true
# environment
APPLICATION_INSIGHTS_NO_DIAGNOSTIC_CHANNEL = 1
# environment
LESSOPEN = ||/usr/bin/lesspipe.sh %s
# automatic
*D = $(patsubst %/,%,$(dir $*))
# environment
LESS_TERMCAP_ue = 
# environment
MFLAGS = -pqrR
# environment
SSH_AUTH_SOCK = /run/user/1000/keyring/ssh
# default
.SHELLFLAGS := -c
# environment
WAYLAND_DISPLAY = wayland-0
# environment
HISTSIZE = 1000
# automatic
+D = $(patsubst %/,%,$(dir $+))
# environment
P9K_SSH = 0
# environment
ZDOTDIR = /home/victor/.config/shell/zsh
# environment
XDG_SESSION_DESKTOP = gnome
# makefile (from 'Makefile', line 1)
MAKEFILE_LIST := Makefile
# automatic
@F = $(notdir $@)
# environment
VSCODE_VERBOSE_LOGGING = true
# environment
VSCODE_PID = 3257
# environment
SDL_VIDEO_MINIMIZE_ON_FOCUS_LOSS = 0
# environment
XDG_SESSION_TYPE = wayland
# automatic
?D = $(patsubst %/,%,$(dir $?))
# makefile (from 'Makefile', line 3)
INCLUDES = -I./include/
# environment
SESSION_MANAGER = local/unix:@/tmp/.ICE-unix/1572,unix/unix:/tmp/.ICE-unix/1572
# automatic
*F = $(notdir $*)
# environment
CHROME_DESKTOP = code-url-handler.desktop
# environment
DBUS_SESSION_BUS_ADDRESS = unix:path=/run/user/1000/bus
# automatic
<D = $(patsubst %/,%,$(dir $<))
# environment
VSCODE_NLS_CONFIG = {"locale":"es","availableLanguages":{"*":"es"},"_languagePackId":"125a9a608456aa5e8a25d0a18c7b1d68.es","_translationsConfigFile":"/home/victor/.config/Code/clp/125a9a608456aa5e8a25d0a18c7b1d68.es/tcf.json","_cacheRoot":"/home/victor/.config/Code/clp/125a9a608456aa5e8a25d0a18c7b1d68.es","_resolvedLanguagePackCoreLocation":"/home/victor/.config/Code/clp/125a9a608456aa5e8a25d0a18c7b1d68.es/30d9c6cd9483b2cc586687151bcbcd635f373630","_corruptedFile":"/home/victor/.config/Code/clp/125a9a608456aa5e8a25d0a18c7b1d68.es/corrupted.info","_languagePackSupport":true}
# default
MAKE_HOST := x86_64-redhat-linux-gnu
# makefile
SHELL = /bin/sh
# environment
LESS_TERMCAP_us = 
# default
MAKECMDGOALS := all
# environment
XMODIFIERS = @im=ibus
# makefile (from 'Makefile', line 4)
HEADERS = $(wildcard include/*.h)
# environment
GJS_DEBUG_TOPICS = JS ERROR;JS LOG
# environment
SHLVL = 0
# environment
MAKELEVEL := 0
# default
MAKE = $(MAKE_COMMAND)
# environment
PATH = /usr/lib64/ccache:/usr/local/bin:/usr/local/sbin:/usr/bin:/usr/sbin:/var/lib/snapd/snap/bin:/home/victor/.local/bin/:/home/victor/.cargo/bin/
# environment
LESS_TERMCAP_se = 
# default
MAKEFILES := 
# automatic
^F = $(notdir $^)
# makefile (from 'Makefile', line 2)
LDLIBS = -lncursesw -lmenu -lusb-1.0
# environment
LESS_TERMCAP_mb = 
# environment
XDG_CONFIG_HOME = /home/victor/.config
# environment
INVOCATION_ID = b91fe1c1742842879a9b5636d11b0d2d
# environment
VSCODE_LOG_NATIVE = false
# environment
USERNAME = victor
# environment
GNOME_SETUP_DISPLAY = :1
# automatic
?F = $(notdir $?)
# environment
DESKTOP_AUTOSTART_ID = 105a8663da7aa36e81165813635045420000000015720022
# environment
XDG_CURRENT_DESKTOP = GNOME
# environment
KDEDIRS = /usr
# automatic
+F = $(notdir $+)
# environment
DESKTOP_SESSION = gnome
# environment
ORIGINAL_XDG_CURRENT_DESKTOP = GNOME
# makefile (from 'Makefile', line 6)
OBJECTS = obj/devices/logitech_g300.o obj/devices/drevo_calibur_v2.o obj/helpers.o
# 'override' directive
GNUMAKEFLAGS := 
# environment
LOGNAME = victor
# environment
GIO_LAUNCHED_DESKTOP_FILE = /usr/share/applications/code.desktop
# makefile
.DEFAULT_GOAL := all
# environment
SYSTEMD_EXEC_PID = 1633
# environment
HISTCONTROL = ignoredups
# environment
EDITOR = nvim
# environment
DISPLAY = :0
# environment
USER = victor
# default
MAKE_VERSION := 4.3
# environment
MANAGERPID = 1458
# environment
which_declare = typeset -f
# environment
DEBUGINFOD_URLS = https://debuginfod.fedoraproject.org/ 
# environment
GIO_LAUNCHED_DESKTOP_FILE_PID = 3257
# environment
_ = /usr/bin/make
# environment
XDG_RUNTIME_DIR = /run/user/1000
# makefile (from 'Makefile', line 1)
CFLAGS = -g -Wall
# environment
JOURNAL_STREAM = 8:30963
# environment
XDG_SESSION_CLASS = user
# environment
VSCODE_AMD_ENTRYPOINT = vs/workbench/api/node/extensionHostProcess
# environment
HOME = /home/victor
# environment
QT_IM_MODULE = ibus
# environment
ELECTRON_RUN_AS_NODE = 1
# environment
VSCODE_IPC_HOOK = /run/user/1000/vscode-a3af7379-1.68.1-main.sock
# default
.RECIPEPREFIX := 
# automatic
<F = $(notdir $<)
# default
SUFFIXES := 
# environment
KEYTIMEOUT = 1
# environment
LESSHISTFILE = /home/victor/.local/share/less/.lesshst
# default
.FEATURES := target-specific order-only second-expansion else-if shortest-stem undefine oneshell nocomment grouped-target extra-prereqs archives jobserver output-sync check-symlink guile load
# makefile (from 'Makefile', line 5)
SOURCES = $(wildcard src/*.c)
# environment
XDG_MENU_PREFIX = gnome-
# environment
GDMSESSION = gnome
# variable set hash-table stats:
# Load=122/1024=12%, Rehash=0, Collisions=13/157=8%

# Pattern-specific Variable Values

# No pattern-specific variable values.

# Directories

# include (device 2067, inode 5380453): 7 files, no impossibilities.
# src (device 2067, inode 5376732): No files, no impossibilities so far.
# . (device 2067, inode 5380044): 11 files, no impossibilities.

# 18 files, no impossibilities in 3 directories.

# Implicit Rules

obj/%.o: src/%.c include/device.h include/drevo_calibur_v2.h include/helpers.h include/known_devices.h include/logitech_g300.h
#  recipe to execute (from 'Makefile', line 13):
	gcc $(CFLAGS) $(INCLUDES) -c $< -o $@

# 1 implicit rules, 0 (0.0%) terminal.
# Files
 

rgbctl: obj/main.o obj/devices/logitech_g300.o obj/devices/drevo_calibur_v2.o obj/helpers.o
#  Implicit rule search has not been done.
#  Modification time never checked.
#  File has not been updated.
#  recipe to execute (from 'Makefile', line 16):
	gcc $(CFLAGS) obj/main.o $(OBJECTS) $(LDLIBS) -o rgbctl

# Not a target:
obj/main.o:
#  Implicit rule search has not been done.
#  Modification time never checked.
#  File has not been updated.

# Not a target:
Makefile:
#  Implicit rule search has been done.
#  Last modified 2022-06-04 20:28:08.313456002
#  File has been updated.
#  Successfully updated.

# Not a target:
obj/helpers.o:
#  Implicit rule search has not been done.
#  Modification time never checked.
#  File has not been updated.

# Not a target:
obj/devices/drevo_calibur_v2.o:
#  Implicit rule search has not been done.
#  Modification time never checked.
#  File has not been updated.

clean:
#  Implicit rule search has not been done.
#  Implicit/static pattern stem: ''
#  File does not exist.
#  File has been updated.
#  Needs to be updated (-q is set).
# automatic
# @ := clean
# automatic
# * := 
# automatic
# < := 
# automatic
# + := 
# automatic
# % := 
# automatic
# ^ := 
# automatic
# ? := 
# automatic
# | := 
# variable set hash-table stats:
# Load=8/32=25%, Rehash=0, Collisions=1/11=9%
#  recipe to execute (from 'Makefile', line 19):
	rm -rf obj/devices/*.o obj/*.o rgbctl

# Not a target:
obj/devices/logitech_g300.o:
#  Implicit rule search has not been done.
#  Modification time never checked.
#  File has not been updated.

# Not a target:
.DEFAULT:
#  Implicit rule search has not been done.
#  Modification time never checked.
#  File has not been updated.

all: clean rgbctl
#  Command line target.
#  Implicit rule search has been done.
#  File does not exist.
#  File has been updated.
#  Needs to be updated (-q is set).
# variable set hash-table stats:
# Load=0/32=0%, Rehash=0, Collisions=0/3=0%

# Not a target:
.SUFFIXES:
#  Implicit rule search has not been done.
#  Modification time never checked.
#  File has not been updated.

# files hash-table stats:
# Load=10/1024=1%, Rehash=0, Collisions=0/30=0%
# VPATH Search Paths

# No 'vpath' search paths.

# No general ('VPATH' variable) search path.

# strcache buffers: 1 (0) / strings = 33 / storage = 406 B / avg = 12 B
# current buf: size = 8162 B / used = 406 B / count = 33 / avg = 12 B

# strcache performance: lookups = 49 / hit rate = 32%
# hash-table stats:
# Load=33/8192=0%, Rehash=0, Collisions=0/49=0%
# Finished Make data base on Mon Jul 18 16:58:16 2022

 
